18.11.2022 22:11
iteration 1
 - Vova: scissors
 - Laptop: paper

18.11.2022 22:11
iteration 3
 - Vova: scissors
 - Laptop: rock

iteration 2
 - Vova: scissors
 - Laptop: scissors

iteration 1
 - Vova: scissors
 - Laptop: rock

18.11.2022 22:11
iteration 3
 - Vova: rock
 - Laptop: scissors

iteration 2
 - Vova: rock
 - Laptop: rock

iteration 1
 - Vova: rock
 - Laptop: paper

18.11.2022 22:11
iteration 3
 - Vova: scissors
 - Laptop: rock

iteration 2
 - Vova: scissors
 - Laptop: rock

iteration 1
 - Vova: scissors
 - Laptop: scissors

We have the WINNER!: The winner is Laptop with the score 2