14.11.2022 10:11
iteration 3
 - : rock
 - Volodymyr-virtualbox: scissors

iteration 2
 - : rock
 - Volodymyr-virtualbox: scissors

iteration 1
 - : rock
 - Volodymyr-virtualbox: rock

14.11.2022 10:11
iteration 3
 - : rock
 - Volodymyr-virtualbox: scissors

iteration 2
 - : rock
 - Volodymyr-virtualbox: scissors

iteration 1
 - : rock
 - Volodymyr-virtualbox: paper

14.11.2022 10:11
14.11.2022 10:11
iteration 3
 - : rock
 - Volodymyr-virtualbox: scissors

iteration 2
 - : rock
 - Volodymyr-virtualbox: scissors

iteration 1
 - : rock
 - Volodymyr-virtualbox: paper

